Build started 2017/10/15 11:33:48.
     1>Project "D:\vscode\server\server\server.vcxproj" on node 2 (Build target(s)).
     1>ClCompile:
         D:\vs2013\VC\bin\CL.exe /c /ZI /nologo /W3 /WX- /Od /Oy- /D WIN32 /D _DEBUG /D _CONSOLE /D _LIB /D _UNICODE /D UNICODE /Gm /EHsc /RTC1 /MDd /GS /fp:precise /Zc:wchar_t /Zc:forScope /Fo"Debug\\" /Fd"Debug\vc120.pdb" /Gd /TP /analyze- /errorReport:prompt login.cpp md5.cpp socksrv.cpp
         socksrv.cpp
     1>d:\vscode\server\server\socksrv.cpp(136): warning C4996: 'sprintf': This function or variable may be unsafe. Consider using sprintf_s instead. To disable deprecation, use _CRT_SECURE_NO_WARNINGS. See online help for details.
                 d:\vs2013\vc\include\stdio.h(356) : see declaration of 'sprintf'
     1>d:\vscode\server\server\socksrv.cpp(136): warning C4996: 'inet_ntoa': Use inet_ntop() or InetNtop() instead or define _WINSOCK_DEPRECATED_NO_WARNINGS to disable deprecated API warnings
                 c:\program files (x86)\windows kits\8.1\include\um\winsock2.h(1868) : see declaration of 'inet_ntoa'
     1>d:\vscode\server\server\socksrv.cpp(184): warning C4996: 'sprintf': This function or variable may be unsafe. Consider using sprintf_s instead. To disable deprecation, use _CRT_SECURE_NO_WARNINGS. See online help for details.
                 d:\vs2013\vc\include\stdio.h(356) : see declaration of 'sprintf'
     1>d:\vscode\server\server\socksrv.cpp(193): warning C4996: 'sprintf': This function or variable may be unsafe. Consider using sprintf_s instead. To disable deprecation, use _CRT_SECURE_NO_WARNINGS. See online help for details.
                 d:\vs2013\vc\include\stdio.h(356) : see declaration of 'sprintf'
     1>d:\vscode\server\server\socksrv.cpp(198): warning C4996: 'sprintf': This function or variable may be unsafe. Consider using sprintf_s instead. To disable deprecation, use _CRT_SECURE_NO_WARNINGS. See online help for details.
                 d:\vs2013\vc\include\stdio.h(356) : see declaration of 'sprintf'
     1>d:\vscode\server\server\socksrv.cpp(203): warning C4996: 'sprintf': This function or variable may be unsafe. Consider using sprintf_s instead. To disable deprecation, use _CRT_SECURE_NO_WARNINGS. See online help for details.
                 d:\vs2013\vc\include\stdio.h(356) : see declaration of 'sprintf'
     1>d:\vscode\server\server\socksrv.cpp(208): warning C4996: 'sprintf': This function or variable may be unsafe. Consider using sprintf_s instead. To disable deprecation, use _CRT_SECURE_NO_WARNINGS. See online help for details.
                 d:\vs2013\vc\include\stdio.h(356) : see declaration of 'sprintf'
         md5.cpp
     1>d:\vscode\server\server\md5.cpp(61): warning C4244: 'initializing' : conversion from 'double' to 'unsigned int', possible loss of data
     1>d:\vscode\server\server\md5.cpp(81): warning C4244: 'initializing' : conversion from 'double' to 'unsigned int', possible loss of data
     1>d:\vscode\server\server\md5.cpp(102): warning C4244: 'initializing' : conversion from 'double' to 'unsigned int', possible loss of data
     1>d:\vscode\server\server\md5.cpp(123): warning C4244: 'initializing' : conversion from 'double' to 'unsigned int', possible loss of data
         login.cpp
         Generating Code...
       Link:
         D:\vs2013\VC\bin\link.exe /ERRORREPORT:PROMPT /OUT:"D:\vscode\server\Debug\server.exe" /INCREMENTAL /NOLOGO kernel32.lib user32.lib gdi32.lib winspool.lib comdlg32.lib advapi32.lib shell32.lib ole32.lib oleaut32.lib uuid.lib odbc32.lib odbccp32.lib /MANIFEST /MANIFESTUAC:"level='asInvoker' uiAccess='false'" /manifest:embed /DEBUG /PDB:"D:\vscode\server\Debug\server.pdb" /SUBSYSTEM:CONSOLE /TLBID:1 /DYNAMICBASE /NXCOMPAT /IMPLIB:"D:\vscode\server\Debug\server.lib" /MACHINE:X86 Debug\login.obj
         Debug\md5.obj
         Debug\socksrv.obj
         server.vcxproj -> D:\vscode\server\Debug\server.exe
     1>Done Building Project "D:\vscode\server\server\server.vcxproj" (Build target(s)).

Build succeeded.

Time Elapsed 00:00:07.00
